<?xml version="1.0" encoding="UTF-8"?>
<testsuite xmlns:xsi="http://www.w3.org/2001/XMLSchema-instance" xsi:noNamespaceSchemaLocation="https://maven.apache.org/surefire/maven-surefire-plugin/xsd/surefire-test-report-3.0.xsd" version="3.0" name="chatapp_registrationlogin.ChatTest" time="0.446" tests="22" errors="0" skipped="0" failures="0">
  <properties>
[...]
</properties>
  <testcase name="testCheckPassword_InvalidLength" classname="chatapp_registrationlogin.ChatTest" time="0.132"/>
  <testcase name="testCheckPassword_NoLowercase" classname="chatapp_registrationlogin.ChatTest" time="0.01"/>
  <testcase name="testCheckFirstname_InvalidCharacters" classname="chatapp_registrationlogin.ChatTest" time="0.013"/>
  <testcase name="testCheckPassword_Null" classname="chatapp_registrationlogin.ChatTest" time="0.002"/>
  <testcase name="testCheckLastname_Empty" classname="chatapp_registrationlogin.ChatTest" time="0.008"/>
  <testcase name="testCheckLastname_Valid" classname="chatapp_registrationlogin.ChatTest" time="0.004"/>
  <testcase name="testCheckCellphone_InvalidLength" classname="chatapp_registrationlogin.ChatTest" time="0.002"/>
  <testcase name="testCheckPassword_NoUppercase" classname="chatapp_registrationlogin.ChatTest" time="0.004"/>
  <testcase name="testCheckUsername_Valid" classname="chatapp_registrationlogin.ChatTest" time="0.009"/>
  <testcase name="testCheckUsername_Null" classname="chatapp_registrationlogin.ChatTest" time="0.002"/>
  <testcase name="testCheckFirstname_Empty" classname="chatapp_registrationlogin.ChatTest" time="0.002"/>
  <testcase name="testCheckFirstname_Valid" classname="chatapp_registrationlogin.ChatTest" time="0.002"/>
  <testcase name="testCheckLastname_Null" classname="chatapp_registrationlogin.ChatTest" time="0.005"/>
  <testcase name="testCheckCellphone_Valid" classname="chatapp_registrationlogin.ChatTest" time="0.002"/>
  <testcase name="testCheckPassword_NoDigit" classname="chatapp_registrationlogin.ChatTest" time="0.002"/>
  <testcase name="testCheckUsername_InvalidLength" classname="chatapp_registrationlogin.ChatTest" time="0.011"/>
  <testcase name="testCheckPassword_Valid" classname="chatapp_registrationlogin.ChatTest" time="0.004"/>
  <testcase name="testCheckCellphone_InvalidCharacters" classname="chatapp_registrationlogin.ChatTest" time="0.012"/>
  <testcase name="testCheckCellphone_Null" classname="chatapp_registrationlogin.ChatTest" time="0.002"/>
  <testcase name="testCheckUsername_InvalidCharacters" classname="chatapp_registrationlogin.ChatTest" time="0.002"/>
  <testcase name="testCheckLastname_InvalidCharacters" classname="chatapp_registrationlogin.ChatTest" time="0.002"/>
  <testcase name="testCheckFirstname_Null" classname="chatapp_registrationlogin.ChatTest" time="0.006"/>
</testsuite>